<?xml version='1.0' encoding='UTF-8' ?>
<testsuite name="com.example.lunchtray.MenuContentTests" tests="1" failures="0" errors="0" skipped="0" time="23.816" timestamp="2022-09-06T12:05:21" hostname="localhost">
  <properties>
    <property name="device" value="Pixel_5_API_31(AVD) - 12" />
    <property name="flavor" value="" />
    <property name="project" value=":app" />
  </properties>
  <testcase name="entree_menu_item_content" classname="com.example.lunchtray.MenuContentTests" time="1.195" />
</testsuite>